<?xml version="1.0" encoding="UTF-8"?>
<!-- Generated by org.testng.reporters.JUnitXMLReporter -->
<testsuite hostname="SIPL154" name="Test" tests="9" failures="0" timestamp="6 Sep 2019 06:21:49 GMT" time="216.906" errors="0">
  <testcase name="validatelogin" time="6.657" classname="com.qa.cxplite.tests.cxpLoginTest"/>
  <testcase name="validatehomepage" time="4.004" classname="com.qa.cxplite.tests.ValidateHomePageTest"/>
  <testcase name="validateCreateCustomer" time="22.777" classname="com.qa.cxplite.tests.cxpCreateCustomerTest"/>
  <testcase name="validateCreateEvent" time="45.233" classname="com.qa.cxplite.tests.CreateEventTest"/>
  <testcase name="serachEventTest" time="2.39" classname="com.qa.cxplite.tests.CreateEventTest"/>
  <testcase name="validateCreateEstimates" time="6.834" classname="com.qa.cxplite.tests.CreateEstimateTest"/>
  <testcase name="eventnumberSearch" time="12.944" classname="com.qa.cxplite.tests.CreateEventOrderTest"/>
  <testcase name="add_menu" time="111.003" classname="com.qa.cxplite.tests.CreateEventOrderTest"/>
  <testcase name="teardown" time="0.625" classname="com.qa.cxplite.tests.logout"/>
</testsuite> <!-- Test -->
