<?xml version="1.0" encoding="UTF-8"?>
<!-- Generated by org.testng.reporters.JUnitXMLReporter -->
<testsuite hostname="SIPL154" name="Regression Test" tests="4" failures="1" timestamp="26 Aug 2019 15:40:06 GMT" time="35.422" errors="0">
  <testcase name="validatelogin" time="3.718" classname="com.qa.cxplite.tests.cxpLoginTest"/>
  <testcase name="validateCreateEvent" time="23.438" classname="com.qa.cxplite.tests.CreateEventTest">
    <failure type="java.lang.AssertionError" message="expected [true] but found [false]">
      <![CDATA[java.lang.AssertionError: expected [true] but found [false]
	at com.qa.cxplite.tests.CreateEventTest.validateCreateEvent(CreateEventTest.java:28)
... Removed 28 stack frames]]>
    </failure>
  </testcase> <!-- validateCreateEvent -->
  <testcase name="serachEventTest" time="0.0" classname="com.qa.cxplite.tests.CreateEventTest"/>
  <testcase name="validatehomepage" time="3.402" classname="com.qa.cxplite.tests.ValidateHomePageTest"/>
</testsuite> <!-- Regression Test -->
