<?xml version="1.0" encoding="UTF-8"?>
<!-- Generated by org.testng.reporters.JUnitXMLReporter -->
<testsuite ignored="8" hostname="Administrator" failures="3" tests="3" name="Test" time="19.676" errors="0" timestamp="2021-06-04T14:19:44 IST">
  <testcase classname="com.qa.cxplite.tests.cxpLoginTest" name="validatelogin" time="4.848">
    <failure type="java.lang.AssertionError" message="Login Failed expected [Superadmin Login] but found []">
      <![CDATA[java.lang.AssertionError: Login Failed expected [Superadmin Login] but found []
at com.qa.cxplite.tests.cxpLoginTest.validatelogin(cxpLoginTest.java:20)
at java.base/java.util.ArrayList.forEach(ArrayList.java:1511)
... Removed 32 stack frames]]>
    </failure>
  </testcase> <!-- validatelogin -->
  <testcase classname="com.qa.cxplite.tests.ValidateHomePageTest" name="validatehomepage" time="6.911">
    <failure type="org.openqa.selenium.NoSuchElementException" message="Cannot locate an element using xpath=//i[@class=&amp;apos;fa fa-home&amp;apos;]
For documentation on this error, please visit: https://www.seleniumhq.org/exceptions/no_such_element.html
Build info: version: &amp;apos;3.141.59&amp;apos;, revision: &amp;apos;e82be7d358&amp;apos;, time: &amp;apos;2018-11-14T08:17:03&amp;apos;
System info: host: &amp;apos;ADMINISTRATOR&amp;apos;, ip: &amp;apos;192.168.56.1&amp;apos;, os.name: &amp;apos;Windows 7&amp;apos;, os.arch: &amp;apos;amd64&amp;apos;, os.version: &amp;apos;6.1&amp;apos;, java.version: &amp;apos;15.0.2&amp;apos;
Driver info: driver.version: RemoteWebDriver">
      <![CDATA[org.openqa.selenium.NoSuchElementException: Cannot locate an element using xpath=//i[@class='fa fa-home']
For documentation on this error, please visit: https://www.seleniumhq.org/exceptions/no_such_element.html
Build info: version: '3.141.59', revision: 'e82be7d358', time: '2018-11-14T08:17:03'
System info: host: 'ADMINISTRATOR', ip: '192.168.56.1', os.name: 'Windows 7', os.arch: 'amd64', os.version: '6.1', java.version: '15.0.2'
Driver info: driver.version: RemoteWebDriver
at org.openqa.selenium.remote.RemoteWebDriver.findElement(RemoteWebDriver.java:327)
at org.openqa.selenium.remote.RemoteWebDriver.findElementByXPath(RemoteWebDriver.java:428)
at org.openqa.selenium.By$ByXPath.findElement(By.java:353)
at org.openqa.selenium.remote.RemoteWebDriver.findElement(RemoteWebDriver.java:315)
at org.openqa.selenium.support.pagefactory.DefaultElementLocator.findElement(DefaultElementLocator.java:69)
at org.openqa.selenium.support.pagefactory.internal.LocatingElementHandler.invoke(LocatingElementHandler.java:38)
at com.sun.proxy.$Proxy15.click(Unknown Source)
at com.qa.cxplite.pages.cxpHomepage.validatehomepage(cxpHomepage.java:23)
at com.qa.cxplite.tests.ValidateHomePageTest.validatehomepage(ValidateHomePageTest.java:17)
at java.base/java.util.ArrayList.forEach(ArrayList.java:1511)
... Removed 27 stack frames]]>
    </failure>
  </testcase> <!-- validatehomepage -->
  <testcase classname="com.qa.cxplite.tests.ValidateHomePageTest" name="validatehomepage" time="6.977">
    <failure type="org.openqa.selenium.NoSuchWindowException" message="no such window: target window already closed
from unknown error: web view not found
  (Session info: chrome=91.0.4472.77)
Build info: version: &amp;apos;3.141.59&amp;apos;, revision: &amp;apos;e82be7d358&amp;apos;, time: &amp;apos;2018-11-14T08:17:03&amp;apos;
System info: host: &amp;apos;ADMINISTRATOR&amp;apos;, ip: &amp;apos;192.168.56.1&amp;apos;, os.name: &amp;apos;Windows 7&amp;apos;, os.arch: &amp;apos;amd64&amp;apos;, os.version: &amp;apos;6.1&amp;apos;, java.version: &amp;apos;15.0.2&amp;apos;
Driver info: org.openqa.selenium.chrome.ChromeDriver
Capabilities {acceptInsecureCerts: false, browserName: chrome, browserVersion: 91.0.4472.77, chrome: {chromedriverVersion: 91.0.4472.19 (1bf021f248676..., userDataDir: C:\Users\mani\AppData\Local...}, goog:chromeOptions: {debuggerAddress: localhost:55307}, javascriptEnabled: true, networkConnectionEnabled: false, pageLoadStrategy: normal, platform: WINDOWS, platformName: WINDOWS, proxy: Proxy(), setWindowRect: true, strictFileInteractability: false, timeouts: {implicit: 0, pageLoad: 300000, script: 30000}, unhandledPromptBehavior: dismiss and notify, webauthn:extension:largeBlob: true, webauthn:virtualAuthenticators: true}
Session ID: f9a63844a6e6460534dc2e00ed92dd66">
      <![CDATA[org.openqa.selenium.NoSuchWindowException: no such window: target window already closed
from unknown error: web view not found
  (Session info: chrome=91.0.4472.77)
Build info: version: '3.141.59', revision: 'e82be7d358', time: '2018-11-14T08:17:03'
System info: host: 'ADMINISTRATOR', ip: '192.168.56.1', os.name: 'Windows 7', os.arch: 'amd64', os.version: '6.1', java.version: '15.0.2'
Driver info: org.openqa.selenium.chrome.ChromeDriver
Capabilities {acceptInsecureCerts: false, browserName: chrome, browserVersion: 91.0.4472.77, chrome: {chromedriverVersion: 91.0.4472.19 (1bf021f248676..., userDataDir: C:\Users\mani\AppData\Local...}, goog:chromeOptions: {debuggerAddress: localhost:55307}, javascriptEnabled: true, networkConnectionEnabled: false, pageLoadStrategy: normal, platform: WINDOWS, platformName: WINDOWS, proxy: Proxy(), setWindowRect: true, strictFileInteractability: false, timeouts: {implicit: 0, pageLoad: 300000, script: 30000}, unhandledPromptBehavior: dismiss and notify, webauthn:extension:largeBlob: true, webauthn:virtualAuthenticators: true}
Session ID: f9a63844a6e6460534dc2e00ed92dd66
at org.openqa.selenium.remote.http.W3CHttpResponseCodec.createException(W3CHttpResponseCodec.java:187)
at org.openqa.selenium.remote.http.W3CHttpResponseCodec.decode(W3CHttpResponseCodec.java:122)
at org.openqa.selenium.remote.http.W3CHttpResponseCodec.decode(W3CHttpResponseCodec.java:49)
at org.openqa.selenium.remote.HttpCommandExecutor.execute(HttpCommandExecutor.java:158)
at org.openqa.selenium.remote.service.DriverCommandExecutor.execute(DriverCommandExecutor.java:83)
at org.openqa.selenium.remote.RemoteWebDriver.execute(RemoteWebDriver.java:552)
at org.openqa.selenium.remote.RemoteWebDriver.execute(RemoteWebDriver.java:609)
at org.openqa.selenium.remote.RemoteWebDriver.getScreenshotAs(RemoteWebDriver.java:295)
at com.qa.cxplite.testnglisteneres.TestngListeners.onTestFailure(TestngListeners.java:53)
at java.base/java.util.ArrayList.forEach(ArrayList.java:1511)
... Removed 29 stack frames]]>
    </failure>
  </testcase> <!-- validatehomepage -->
  <testcase classname="com.qa.cxplite.utils.TestBase1" name="@BeforeTest initialization" time="0.0">
    <ignored/>
  </testcase> <!-- @BeforeTest initialization -->
  <testcase classname="com.qa.cxplite.utils.TestBase1" name="@BeforeTest initialization" time="0.0">
    <ignored/>
  </testcase> <!-- @BeforeTest initialization -->
  <testcase classname="com.qa.cxplite.utils.TestBase1" name="@BeforeTest initialization" time="0.0">
    <ignored/>
  </testcase> <!-- @BeforeTest initialization -->
  <testcase classname="com.qa.cxplite.utils.TestBase1" name="@BeforeTest initialization" time="0.0">
    <ignored/>
  </testcase> <!-- @BeforeTest initialization -->
  <testcase classname="com.qa.cxplite.utils.TestBase1" name="@BeforeTest initialization" time="0.0">
    <ignored/>
  </testcase> <!-- @BeforeTest initialization -->
  <testcase classname="com.qa.cxplite.utils.TestBase1" name="@BeforeTest initialization" time="0.0">
    <ignored/>
  </testcase> <!-- @BeforeTest initialization -->
  <testcase classname="com.qa.cxplite.utils.TestBase1" name="@BeforeTest initialization" time="0.0">
    <ignored/>
  </testcase> <!-- @BeforeTest initialization -->
  <testcase classname="com.qa.cxplite.utils.TestBase1" name="@BeforeTest initialization" time="0.0">
    <ignored/>
  </testcase> <!-- @BeforeTest initialization -->
</testsuite> <!-- Test -->
