<?xml version="1.0" encoding="UTF-8"?>
<!-- Generated by org.testng.reporters.JUnitXMLReporter -->
<testsuite ignored="8" hostname="Administrator" failures="0" tests="9" name="Test" time="469.93" errors="0" timestamp="2021-06-01T17:13:05 IST">
  <testcase classname="com.qa.cxplite.tests.cxpLoginTest" name="validatelogin" time="9.023"/>
  <testcase classname="com.qa.cxplite.tests.ValidateHomePageTest" name="validatehomepage" time="5.393"/>
  <testcase classname="com.qa.cxplite.tests.cxpCreateCustomerTest" name="validateCreateCustomer" time="30.652"/>
  <testcase classname="com.qa.cxplite.tests.CreateEventTest" name="validateCreateEvent" time="108.641"/>
  <testcase classname="com.qa.cxplite.tests.CreateEventTest" name="serachEventTest" time="8.65"/>
  <testcase classname="com.qa.cxplite.tests.CreateEventOrderTest" name="eventnumberSearch" time="13.897"/>
  <testcase classname="com.qa.cxplite.tests.CreateEventOrderTest" name="add_menu" time="199.905"/>
  <testcase classname="com.qa.cxplite.tests.CreateEstimateTest" name="validateCreateEstimates" time="29.747"/>
  <testcase classname="com.qa.cxplite.tests.createbillservicetest" name="bill_service" time="48.926"/>
  <testcase classname="com.qa.cxplite.utils.TestBase1" name="@BeforeTest initialization" time="0.0">
    <ignored/>
  </testcase> <!-- @BeforeTest initialization -->
  <testcase classname="com.qa.cxplite.utils.TestBase1" name="@BeforeTest initialization" time="0.0">
    <ignored/>
  </testcase> <!-- @BeforeTest initialization -->
  <testcase classname="com.qa.cxplite.utils.TestBase1" name="@BeforeTest initialization" time="0.0">
    <ignored/>
  </testcase> <!-- @BeforeTest initialization -->
  <testcase classname="com.qa.cxplite.utils.TestBase1" name="@BeforeTest initialization" time="0.0">
    <ignored/>
  </testcase> <!-- @BeforeTest initialization -->
  <testcase classname="com.qa.cxplite.utils.TestBase1" name="@BeforeTest initialization" time="0.0">
    <ignored/>
  </testcase> <!-- @BeforeTest initialization -->
  <testcase classname="com.qa.cxplite.utils.TestBase1" name="@BeforeTest initialization" time="0.0">
    <ignored/>
  </testcase> <!-- @BeforeTest initialization -->
  <testcase classname="com.qa.cxplite.utils.TestBase1" name="@BeforeTest initialization" time="0.0">
    <ignored/>
  </testcase> <!-- @BeforeTest initialization -->
  <testcase classname="com.qa.cxplite.utils.TestBase1" name="@BeforeTest initialization" time="0.0">
    <ignored/>
  </testcase> <!-- @BeforeTest initialization -->
</testsuite> <!-- Test -->
