<?xml version="1.0" encoding="UTF-8"?>
<!-- Generated by org.testng.reporters.JUnitXMLReporter -->
<testsuite hostname="SIPL154" name="Test1" tests="2" failures="1" timestamp="22 Oct 2019 07:45:44 GMT" time="4.738" errors="0">
  <testcase name="teardown" time="0.001" classname="com.qa.cxplite.tests.logout"/>
  <testcase name="teardown" time="0.001" classname="com.qa.cxplite.tests.logout">
    <failure type="java.lang.NullPointerException">
      <![CDATA[java.lang.NullPointerException
	at com.aventstack.extentreports.ExtentObservable.lambda$saveTest$0(ExtentObservable.java:209)
	at java.util.ArrayList.forEach(ArrayList.java:1257)
	at com.aventstack.extentreports.ExtentObservable.saveTest(ExtentObservable.java:209)
	at com.aventstack.extentreports.ExtentReports.createTest(ExtentReports.java:234)
	at com.aventstack.extentreports.ExtentReports.createTest(ExtentReports.java:247)
	at com.qa.cxplite.testnglisteneres.TestngListeners.onTestSuccess(TestngListeners.java:41)
	at java.util.concurrent.FutureTask.run(FutureTask.java:266)
	at java.util.concurrent.ThreadPoolExecutor.runWorker(ThreadPoolExecutor.java:1149)
	at java.util.concurrent.ThreadPoolExecutor$Worker.run(ThreadPoolExecutor.java:624)
	at java.lang.Thread.run(Thread.java:748)
... Removed 13 stack frames]]>
    </failure>
  </testcase> <!-- teardown -->
</testsuite> <!-- Test1 -->
