<!DOCTYPE html PUBLIC "-//W3C//DTD XHTML 1.1//EN" "http://www.w3.org/TR/xhtml11/DTD/xhtml11.dtd">
<html xmlns="http://www.w3.org/1999/xhtml"><head><title>TestNG Report</title><style type="text/css">table {margin-bottom:10px;border-collapse:collapse;empty-cells:show}th,td {border:1px solid #009;padding:.25em .5em}th {vertical-align:bottom}td {vertical-align:top}table a {font-weight:bold}.stripe td {background-color: #E6EBF9}.num {text-align:right}.passedodd td {background-color: #3F3}.passedeven td {background-color: #0A0}.skippedodd td {background-color: #DDD}.skippedeven td {background-color: #CCC}.failedodd td,.attn {background-color: #F33}.failedeven td,.stripe .attn {background-color: #D00}.stacktrace {white-space:pre;font-family:monospace}.totop {font-size:85%;text-align:center;border-bottom:2px solid #000}</style></head><body><table><tr><th>Test</th><th># Passed</th><th># Skipped</th><th># Failed</th><th>Time (ms)</th><th>Included Groups</th><th>Excluded Groups</th></tr><tr><th colspan="7">cxp lite Suite</th></tr><tr><td><a href="#t0">Test</a></td><td class="num">5</td><td class="num">0</td><td class="num attn">5</td><td class="num">1,223,584</td><td></td><td></td></tr></table><table id='summary'><thead><tr><th>Class</th><th>Method</th><th>Start</th><th>Time (ms)</th></tr></thead><tbody><tr><th colspan="4">cxp lite Suite</th></tr></tbody><tbody id="t0"><tr><th colspan="4">Test &#8212; failed</th></tr><tr class="failedeven"><td rowspan="1">com.qa.cxplite.tests.CreateEstimateTest</td><td><a href="#m0">validateCreateEstimates</a></td><td rowspan="1">1619700743687</td><td rowspan="1">55981</td></tr><tr class="failedodd"><td rowspan="2">com.qa.cxplite.tests.CreateEventOrderTest</td><td><a href="#m1">add_menu</a></td><td rowspan="1">1619700933984</td><td rowspan="1">448091</td></tr><tr class="failedodd"><td><a href="#m2">eventnumberSearch</a></td><td rowspan="1">1619700860452</td><td rowspan="1">12917</td></tr><tr class="failedeven"><td rowspan="1">com.qa.cxplite.tests.CreateEventTest</td><td><a href="#m3">validateCreateEvent</a></td><td rowspan="1">1619700658818</td><td rowspan="1">50837</td></tr><tr class="failedodd"><td rowspan="1">com.qa.cxplite.tests.cxpCreateCustomerTest</td><td><a href="#m4">validateCreateCustomer</a></td><td rowspan="1">1619700541277</td><td rowspan="1">50749</td></tr><tr><th colspan="4">Test &#8212; passed</th></tr><tr class="passedeven"><td rowspan="1">com.qa.cxplite.tests.CreateEventTest</td><td><a href="#m5">serachEventTest</a></td><td rowspan="1">1619700717827</td><td rowspan="1">24768</td></tr><tr class="passedodd"><td rowspan="1">com.qa.cxplite.tests.ValidateHomePageTest</td><td><a href="#m6">validatehomepage</a></td><td rowspan="1">1619700480429</td><td rowspan="1">18805</td></tr><tr class="passedeven"><td rowspan="1">com.qa.cxplite.tests.createbillservicetest</td><td><a href="#m7">bill_service</a></td><td rowspan="1">1619700368262</td><td rowspan="1">48165</td></tr><tr class="passedodd"><td rowspan="1">com.qa.cxplite.tests.cxpLoginTest</td><td><a href="#m8">validatelogin</a></td><td rowspan="1">1619700416840</td><td rowspan="1">63581</td></tr><tr class="passedeven"><td rowspan="1">com.qa.cxplite.tests.cxplite_changerequestTest</td><td><a href="#m9">changerequest</a></td><td rowspan="1">1619701396520</td><td rowspan="1">2259</td></tr></tbody></table><h2>Test</h2><h3 id="m0">com.qa.cxplite.tests.CreateEstimateTest#validateCreateEstimates</h3><table class="result"><tr class="param"><th>Parameter #1</th><th>Parameter #2</th><th>Parameter #3</th><th>Parameter #4</th><th>Parameter #5</th><th>Parameter #6</th><th>Parameter #7</th><th>Parameter #8</th></tr><tr class="param stripe"><td>11</td><td>12</td><td>13</td><td>14</td><td>15</td><td>16</td><td>17.0</td><td>18.0</td></tr><tr><th colspan="8">Exception</th></tr><tr><td colspan="8"><div class="stacktrace">java.lang.AssertionError: expected [true] but found [false]
	at com.qa.cxplite.tests.CreateEstimateTest.validateCreateEstimates(CreateEstimateTest.java:41)
... Removed 29 stack frames</div></td></tr></table><p class="totop"><a href="#summary">back to summary</a></p><h3 id="m1">com.qa.cxplite.tests.CreateEventOrderTest#add_menu</h3><table class="result"><tr class="param"><th>Parameter #1</th><th>Parameter #2</th><th>Parameter #3</th><th>Parameter #4</th><th>Parameter #5</th><th>Parameter #6</th><th>Parameter #7</th></tr><tr class="param stripe"><td>10.0</td><td>11.0</td><td>12.0</td><td>13.0</td><td>14.0</td><td>15.0</td><td>16.0</td></tr><tr><th colspan="7">Exception</th></tr><tr><td colspan="7"><div class="stacktrace">org.openqa.selenium.TimeoutException: Expected condition failed: waiting for visibility of [[ChromeDriver: chrome on WINDOWS (ce15acd81b205a406d8da063d00f8dd1)] -&gt; xpath: //button[@id=&apos;btnAddClose&apos;]] (tried for 30 second(s) with 500 milliseconds interval)
Build info: version: &apos;3.141.59&apos;, revision: &apos;e82be7d358&apos;, time: &apos;2018-11-14T08:17:03&apos;
System info: host: &apos;DESKTOP-I6TKHMQ&apos;, ip: &apos;192.168.1.100&apos;, os.name: &apos;Windows 10&apos;, os.arch: &apos;amd64&apos;, os.version: &apos;10.0&apos;, java.version: &apos;1.8.0_281&apos;
Driver info: org.openqa.selenium.chrome.ChromeDriver
Capabilities {acceptInsecureCerts: false, browserName: chrome, browserVersion: 90.0.4430.93, chrome: {chromedriverVersion: 90.0.4430.24 (4c6d850f087da..., userDataDir: C:\Users\kalyan kadali\AppD...}, goog:chromeOptions: {debuggerAddress: localhost:61717}, javascriptEnabled: true, networkConnectionEnabled: false, pageLoadStrategy: normal, platform: WINDOWS, platformName: WINDOWS, proxy: Proxy(), setWindowRect: true, strictFileInteractability: false, timeouts: {implicit: 0, pageLoad: 300000, script: 30000}, unhandledPromptBehavior: dismiss and notify, webauthn:extension:largeBlob: true, webauthn:virtualAuthenticators: true}
Session ID: ce15acd81b205a406d8da063d00f8dd1
	at org.openqa.selenium.support.ui.WebDriverWait.timeoutException(WebDriverWait.java:95)
	at org.openqa.selenium.support.ui.FluentWait.until(FluentWait.java:272)
	at com.qa.cxplite.pages.CreateEventOrder.add_combo(CreateEventOrder.java:468)
	at com.qa.cxplite.tests.CreateEventOrderTest.add_menu(CreateEventOrderTest.java:80)
... Removed 25 stack frames</div></td></tr></table><p class="totop"><a href="#summary">back to summary</a></p><h3 id="m2">com.qa.cxplite.tests.CreateEventOrderTest#eventnumberSearch</h3><table class="result"><tr class="param"><th>Parameter #1</th></tr><tr class="param stripe"><td>830698</td></tr><tr><th>Exception</th></tr><tr><td><div class="stacktrace">org.openqa.selenium.ElementNotInteractableException: element not interactable
  (Session info: chrome=90.0.4430.93)
Build info: version: &apos;3.141.59&apos;, revision: &apos;e82be7d358&apos;, time: &apos;2018-11-14T08:17:03&apos;
System info: host: &apos;DESKTOP-I6TKHMQ&apos;, ip: &apos;192.168.1.100&apos;, os.name: &apos;Windows 10&apos;, os.arch: &apos;amd64&apos;, os.version: &apos;10.0&apos;, java.version: &apos;1.8.0_281&apos;
Driver info: org.openqa.selenium.chrome.ChromeDriver
Capabilities {acceptInsecureCerts: false, browserName: chrome, browserVersion: 90.0.4430.93, chrome: {chromedriverVersion: 90.0.4430.24 (4c6d850f087da..., userDataDir: C:\Users\kalyan kadali\AppD...}, goog:chromeOptions: {debuggerAddress: localhost:61717}, javascriptEnabled: true, networkConnectionEnabled: false, pageLoadStrategy: normal, platform: WINDOWS, platformName: WINDOWS, proxy: Proxy(), setWindowRect: true, strictFileInteractability: false, timeouts: {implicit: 0, pageLoad: 300000, script: 30000}, unhandledPromptBehavior: dismiss and notify, webauthn:extension:largeBlob: true, webauthn:virtualAuthenticators: true}
Session ID: ce15acd81b205a406d8da063d00f8dd1
	at org.openqa.selenium.remote.http.W3CHttpResponseCodec.createException(W3CHttpResponseCodec.java:187)
	at org.openqa.selenium.remote.http.W3CHttpResponseCodec.decode(W3CHttpResponseCodec.java:122)
	at org.openqa.selenium.remote.http.W3CHttpResponseCodec.decode(W3CHttpResponseCodec.java:49)
	at org.openqa.selenium.remote.HttpCommandExecutor.execute(HttpCommandExecutor.java:158)
	at org.openqa.selenium.remote.service.DriverCommandExecutor.execute(DriverCommandExecutor.java:83)
	at org.openqa.selenium.remote.RemoteWebDriver.execute(RemoteWebDriver.java:552)
	at org.openqa.selenium.remote.RemoteWebElement.execute(RemoteWebElement.java:285)
	at org.openqa.selenium.remote.RemoteWebElement.sendKeys(RemoteWebElement.java:106)
	at org.openqa.selenium.support.pagefactory.internal.LocatingElementHandler.invoke(LocatingElementHandler.java:51)
	at com.sun.proxy.$Proxy12.sendKeys(Unknown Source)
	at com.qa.cxplite.tests.CreateEventOrderTest.eventnumberSearch(CreateEventOrderTest.java:51)
... Removed 33 stack frames</div></td></tr></table><p class="totop"><a href="#summary">back to summary</a></p><h3 id="m3">com.qa.cxplite.tests.CreateEventTest#validateCreateEvent</h3><table class="result"><tr class="param"><th>Parameter #1</th><th>Parameter #2</th><th>Parameter #3</th><th>Parameter #4</th><th>Parameter #5</th><th>Parameter #6</th><th>Parameter #7</th><th>Parameter #8</th><th>Parameter #9</th><th>Parameter #10</th><th>Parameter #11</th><th>Parameter #12</th><th>Parameter #13</th><th>Parameter #14</th><th>Parameter #15</th><th>Parameter #16</th></tr><tr class="param stripe"><td>cutomer0003</td><td>Freeman, Beena</td><td>05/13/2021</td><td>2:15 AM</td><td>05/13/2021</td><td>10:15 PM</td><td>Delivery</td><td>Definite</td><td>Buffet Dinner</td><td>Corporate</td><td>Holiday</td><td>Disposables</td><td>2.0</td><td>Not Applicable</td><td>1.23456789E8</td><td>abc@abc.com</td></tr><tr><th colspan="16">Exception</th></tr><tr><td colspan="16"><div class="stacktrace">java.lang.AssertionError: expected [true] but found [false]
	at com.qa.cxplite.tests.CreateEventTest.validateCreateEvent(CreateEventTest.java:42)
... Removed 29 stack frames</div></td></tr></table><p class="totop"><a href="#summary">back to summary</a></p><h3 id="m4">com.qa.cxplite.tests.cxpCreateCustomerTest#validateCreateCustomer</h3><table class="result"><tr class="param"><th>Parameter #1</th><th>Parameter #2</th><th>Parameter #3</th><th>Parameter #4</th><th>Parameter #5</th><th>Parameter #6</th><th>Parameter #7</th><th>Parameter #8</th><th>Parameter #9</th><th>Parameter #10</th><th>Parameter #11</th><th>Parameter #12</th><th>Parameter #13</th><th>Parameter #14</th><th>Parameter #15</th><th>Parameter #16</th><th>Parameter #17</th><th>Parameter #18</th><th>Parameter #19</th><th>Parameter #20</th><th>Parameter #21</th><th>Parameter #22</th></tr><tr class="param stripe"><td>cutomer0003</td><td>Government</td><td>Customer_F</td><td>Credit Card</td><td>Holiday</td><td>Friend</td><td>Building – 45</td><td>james</td><td>300#</td><td>Washington</td><td>New York</td><td>20004</td><td>08812-228279</td><td>9987620907</td><td>test@gmail.com</td><td>Comments</td><td>Directions</td><td>Test Bill Contact</td><td>Acc – 12134</td><td>Freeman, Beena</td><td>Con_F</td><td>Con_L</td></tr><tr><th colspan="22">Exception</th></tr><tr><td colspan="22"><div class="stacktrace">java.lang.AssertionError: expected [true] but found [false]
	at com.qa.cxplite.tests.cxpCreateCustomerTest.validateCreateCustomer(cxpCreateCustomerTest.java:36)
... Removed 29 stack frames</div></td></tr></table><p class="totop"><a href="#summary">back to summary</a></p><h3 id="m5">com.qa.cxplite.tests.CreateEventTest#serachEventTest</h3><table class="result"><tr class="param"><th>Parameter #1</th></tr><tr class="param stripe"><td>830698</td></tr></table><p class="totop"><a href="#summary">back to summary</a></p><h3 id="m6">com.qa.cxplite.tests.ValidateHomePageTest#validatehomepage</h3><table class="result"></table><p class="totop"><a href="#summary">back to summary</a></p><h3 id="m7">com.qa.cxplite.tests.createbillservicetest#bill_service</h3><table class="result"></table><p class="totop"><a href="#summary">back to summary</a></p><h3 id="m8">com.qa.cxplite.tests.cxpLoginTest#validatelogin</h3><table class="result"><tr class="param"><th>Parameter #1</th><th>Parameter #2</th><th>Parameter #3</th></tr><tr class="param stripe"><td>ridgewellscat</td><td>superadmin</td><td>$uper20#CAT</td></tr></table><p class="totop"><a href="#summary">back to summary</a></p><h3 id="m9">com.qa.cxplite.tests.cxplite_changerequestTest#changerequest</h3><table class="result"></table><p class="totop"><a href="#summary">back to summary</a></p></body></html>